<?xml version="1.0" encoding="UTF-8"?>
<testsuite xmlns:xsi="http://www.w3.org/2001/XMLSchema-instance" xsi:noNamespaceSchemaLocation="https://maven.apache.org/surefire/maven-surefire-plugin/xsd/surefire-test-report.xsd" name="TestSuite" time="8.224" tests="7" errors="0" skipped="0" failures="0">
  <properties>
    <property name="gopherProxySet" value="false"/>
    <property name="awt.toolkit" value="sun.lwawt.macosx.LWCToolkit"/>
    <property name="file.encoding.pkg" value="sun.io"/>
    <property name="java.specification.version" value="1.8"/>
    <property name="sun.cpu.isalist" value=""/>
    <property name="sun.jnu.encoding" value="UTF-8"/>
    <property name="java.class.path" value="/Users/wangjianhua/Downloads/charpter12/target/test-classes:/Users/wangjianhua/Downloads/charpter12/target/classes:/Users/wangjianhua/.m2/repository/org/projectlombok/lombok/1.18.4/lombok-1.18.4.jar:/Users/wangjianhua/.m2/repository/org/apache/httpcomponents/httpclient/4.5.8/httpclient-4.5.8.jar:/Users/wangjianhua/.m2/repository/org/apache/httpcomponents/httpcore/4.4.11/httpcore-4.4.11.jar:/Users/wangjianhua/.m2/repository/commons-logging/commons-logging/1.2/commons-logging-1.2.jar:/Users/wangjianhua/.m2/repository/commons-codec/commons-codec/1.11/commons-codec-1.11.jar:/Users/wangjianhua/.m2/repository/mysql/mysql-connector-java/8.0.13/mysql-connector-java-8.0.13.jar:/Users/wangjianhua/.m2/repository/com/google/protobuf/protobuf-java/3.6.1/protobuf-java-3.6.1.jar:/Users/wangjianhua/.m2/repository/org/json/json/20170516/json-20170516.jar:/Users/wangjianhua/.m2/repository/org/mybatis/mybatis/3.4.4/mybatis-3.4.4.jar:/Users/wangjianhua/.m2/repository/com/relevantcodes/extentreports/2.41.1/extentreports-2.41.1.jar:/Users/wangjianhua/.m2/repository/org/jsoup/jsoup/1.8.3/jsoup-1.8.3.jar:/Users/wangjianhua/.m2/repository/org/xerial/sqlite-jdbc/3.8.11.1/sqlite-jdbc-3.8.11.1.jar:/Users/wangjianhua/.m2/repository/org/freemarker/freemarker/2.3.23/freemarker-2.3.23.jar:/Users/wangjianhua/.m2/repository/org/mongodb/mongodb-driver/3.0.4/mongodb-driver-3.0.4.jar:/Users/wangjianhua/.m2/repository/org/mongodb/bson/3.0.4/bson-3.0.4.jar:/Users/wangjianhua/.m2/repository/org/mongodb/mongodb-driver-core/3.0.4/mongodb-driver-core-3.0.4.jar:/Users/wangjianhua/.m2/repository/com/vimalselvam/testng-extentsreport/1.3.1/testng-extentsreport-1.3.1.jar:/Users/wangjianhua/.m2/repository/com/google/guava/guava/20.0/guava-20.0.jar:/Users/wangjianhua/.m2/repository/com/aventstack/extentreports/3.0.6/extentreports-3.0.6.jar:/Users/wangjianhua/.m2/repository/org/apache/httpcomponents/httpmime/4.5.2/httpmime-4.5.2.jar:/Users/wangjianhua/.m2/repository/org/testng/testng/6.10/testng-6.10.jar:/Users/wangjianhua/.m2/repository/com/beust/jcommander/1.48/jcommander-1.48.jar:"/>
    <property name="java.vm.vendor" value="Oracle Corporation"/>
    <property name="sun.arch.data.model" value="64"/>
    <property name="java.vendor.url" value="http://java.oracle.com/"/>
    <property name="user.timezone" value=""/>
    <property name="java.vm.specification.version" value="1.8"/>
    <property name="os.name" value="Mac OS X"/>
    <property name="user.country" value="CN"/>
    <property name="sun.java.launcher" value="SUN_STANDARD"/>
    <property name="sun.boot.library.path" value="/Library/Java/JavaVirtualMachines/jdk1.8.0_191.jdk/Contents/Home/jre/lib"/>
    <property name="sun.java.command" value="/Users/wangjianhua/Downloads/charpter12/target/surefire/surefirebooter3495088787457637788.jar /Users/wangjianhua/Downloads/charpter12/target/surefire 2019-06-24T16-53-01_437-jvmRun1 surefire7074572134644313192tmp surefire_06728204398862465973tmp"/>
    <property name="surefire.test.class.path" value="/Users/wangjianhua/Downloads/charpter12/target/test-classes:/Users/wangjianhua/Downloads/charpter12/target/classes:/Users/wangjianhua/.m2/repository/org/projectlombok/lombok/1.18.4/lombok-1.18.4.jar:/Users/wangjianhua/.m2/repository/org/apache/httpcomponents/httpclient/4.5.8/httpclient-4.5.8.jar:/Users/wangjianhua/.m2/repository/org/apache/httpcomponents/httpcore/4.4.11/httpcore-4.4.11.jar:/Users/wangjianhua/.m2/repository/commons-logging/commons-logging/1.2/commons-logging-1.2.jar:/Users/wangjianhua/.m2/repository/commons-codec/commons-codec/1.11/commons-codec-1.11.jar:/Users/wangjianhua/.m2/repository/mysql/mysql-connector-java/8.0.13/mysql-connector-java-8.0.13.jar:/Users/wangjianhua/.m2/repository/com/google/protobuf/protobuf-java/3.6.1/protobuf-java-3.6.1.jar:/Users/wangjianhua/.m2/repository/org/json/json/20170516/json-20170516.jar:/Users/wangjianhua/.m2/repository/org/mybatis/mybatis/3.4.4/mybatis-3.4.4.jar:/Users/wangjianhua/.m2/repository/com/relevantcodes/extentreports/2.41.1/extentreports-2.41.1.jar:/Users/wangjianhua/.m2/repository/org/jsoup/jsoup/1.8.3/jsoup-1.8.3.jar:/Users/wangjianhua/.m2/repository/org/xerial/sqlite-jdbc/3.8.11.1/sqlite-jdbc-3.8.11.1.jar:/Users/wangjianhua/.m2/repository/org/freemarker/freemarker/2.3.23/freemarker-2.3.23.jar:/Users/wangjianhua/.m2/repository/org/mongodb/mongodb-driver/3.0.4/mongodb-driver-3.0.4.jar:/Users/wangjianhua/.m2/repository/org/mongodb/bson/3.0.4/bson-3.0.4.jar:/Users/wangjianhua/.m2/repository/org/mongodb/mongodb-driver-core/3.0.4/mongodb-driver-core-3.0.4.jar:/Users/wangjianhua/.m2/repository/com/vimalselvam/testng-extentsreport/1.3.1/testng-extentsreport-1.3.1.jar:/Users/wangjianhua/.m2/repository/com/google/guava/guava/20.0/guava-20.0.jar:/Users/wangjianhua/.m2/repository/com/aventstack/extentreports/3.0.6/extentreports-3.0.6.jar:/Users/wangjianhua/.m2/repository/org/apache/httpcomponents/httpmime/4.5.2/httpmime-4.5.2.jar:/Users/wangjianhua/.m2/repository/org/testng/testng/6.10/testng-6.10.jar:/Users/wangjianhua/.m2/repository/com/beust/jcommander/1.48/jcommander-1.48.jar:"/>
    <property name="sun.cpu.endian" value="little"/>
    <property name="user.home" value="/Users/wangjianhua"/>
    <property name="user.language" value="zh"/>
    <property name="java.specification.vendor" value="Oracle Corporation"/>
    <property name="java.home" value="/Library/Java/JavaVirtualMachines/jdk1.8.0_191.jdk/Contents/Home/jre"/>
    <property name="basedir" value="/Users/wangjianhua/Downloads/charpter12"/>
    <property name="file.separator" value="/"/>
    <property name="line.separator" value="&#10;"/>
    <property name="java.vm.specification.vendor" value="Oracle Corporation"/>
    <property name="java.specification.name" value="Java Platform API Specification"/>
    <property name="java.awt.graphicsenv" value="sun.awt.CGraphicsEnvironment"/>
    <property name="surefire.real.class.path" value="/Users/wangjianhua/Downloads/charpter12/target/surefire/surefirebooter3495088787457637788.jar"/>
    <property name="sun.boot.class.path" value="/Library/Java/JavaVirtualMachines/jdk1.8.0_191.jdk/Contents/Home/jre/lib/resources.jar:/Library/Java/JavaVirtualMachines/jdk1.8.0_191.jdk/Contents/Home/jre/lib/rt.jar:/Library/Java/JavaVirtualMachines/jdk1.8.0_191.jdk/Contents/Home/jre/lib/sunrsasign.jar:/Library/Java/JavaVirtualMachines/jdk1.8.0_191.jdk/Contents/Home/jre/lib/jsse.jar:/Library/Java/JavaVirtualMachines/jdk1.8.0_191.jdk/Contents/Home/jre/lib/jce.jar:/Library/Java/JavaVirtualMachines/jdk1.8.0_191.jdk/Contents/Home/jre/lib/charsets.jar:/Library/Java/JavaVirtualMachines/jdk1.8.0_191.jdk/Contents/Home/jre/lib/jfr.jar:/Library/Java/JavaVirtualMachines/jdk1.8.0_191.jdk/Contents/Home/jre/classes"/>
    <property name="sun.management.compiler" value="HotSpot 64-Bit Tiered Compilers"/>
    <property name="java.runtime.version" value="1.8.0_191-b12"/>
    <property name="user.name" value="wangjianhua"/>
    <property name="path.separator" value=":"/>
    <property name="os.version" value="10.13.2"/>
    <property name="java.endorsed.dirs" value="/Library/Java/JavaVirtualMachines/jdk1.8.0_191.jdk/Contents/Home/jre/lib/endorsed"/>
    <property name="java.runtime.name" value="Java(TM) SE Runtime Environment"/>
    <property name="file.encoding" value="UTF-8"/>
    <property name="java.vm.name" value="Java HotSpot(TM) 64-Bit Server VM"/>
    <property name="localRepository" value="/Users/wangjianhua/.m2/repository"/>
    <property name="java.vendor.url.bug" value="http://bugreport.sun.com/bugreport/"/>
    <property name="java.io.tmpdir" value="/var/folders/m0/r66f47zx34gd3302mn7wzqn00000gn/T/"/>
    <property name="idea.version" value="2018.1.8"/>
    <property name="java.version" value="1.8.0_191"/>
    <property name="user.dir" value="/Users/wangjianhua/Downloads/charpter12"/>
    <property name="os.arch" value="x86_64"/>
    <property name="java.vm.specification.name" value="Java Virtual Machine Specification"/>
    <property name="java.awt.printerjob" value="sun.lwawt.macosx.CPrinterJob"/>
    <property name="sun.os.patch.level" value="unknown"/>
    <property name="java.library.path" value="/Users/wangjianhua/Library/Java/Extensions:/Library/Java/Extensions:/Network/Library/Java/Extensions:/System/Library/Java/Extensions:/usr/lib/java:."/>
    <property name="java.vm.info" value="mixed mode"/>
    <property name="java.vendor" value="Oracle Corporation"/>
    <property name="java.vm.version" value="25.191-b12"/>
    <property name="java.ext.dirs" value="/Users/wangjianhua/Library/Java/Extensions:/Library/Java/JavaVirtualMachines/jdk1.8.0_191.jdk/Contents/Home/jre/lib/ext:/Library/Java/Extensions:/Network/Library/Java/Extensions:/System/Library/Java/Extensions:/usr/lib/java"/>
    <property name="sun.io.unicode.encoding" value="UnicodeBig"/>
    <property name="java.class.version" value="52.0"/>
  </properties>
  <testcase name="loginTestTrue" classname="com.course.cases.LoginTest" time="0.951"/>
  <testcase name="loginTestFail" classname="com.course.cases.LoginTest" time="0.049"/>
  <testcase name="assertUpdateLaterUserInfo" classname="com.course.cases.UpdateUserInfoTest" time="0.024"/>
  <testcase name="addUser" classname="com.course.cases.AddUserTest" time="3.067"/>
  <testcase name="getUserInfo" classname="com.course.cases.GetUserInfoTest" time="0.092"/>
  <testcase name="getUserListInfo" classname="com.course.cases.GetUserListInfoTest" time="0.07"/>
  <testcase name="updateUserInfo" classname="com.course.cases.UpdateUserInfoTest" time="3.124"/>
</testsuite>