<?xml version="1.0" encoding="UTF-8"?>
<!-- Generated by org.testng.reporters.JUnitReportReporter -->
<testsuite name="com.course.cases.AddUserTest" tests="1" time="3.066" ignored="0" failures="0" timestamp="24 Jun 2019 08:53:10 GMT" skipped="0" hostname="wangjianhua" errors="0">
  <testcase name="addUser" time="3.066" classname="com.course.cases.AddUserTest"/>
</testsuite> <!-- com.course.cases.AddUserTest -->
