<?xml version="1.0" encoding="UTF-8"?>
<!-- Generated by org.testng.reporters.JUnitReportReporter -->
<testsuite name="com.course.cases.GetUserListInfoTest" tests="1" time="0.070" ignored="0" failures="0" timestamp="24 Jun 2019 08:53:10 GMT" skipped="0" hostname="wangjianhua" errors="0">
  <testcase name="getUserListInfo" time="0.070" classname="com.course.cases.GetUserListInfoTest"/>
</testsuite> <!-- com.course.cases.GetUserListInfoTest -->
