<?xml version="1.0" encoding="UTF-8"?>
<!-- Generated by org.testng.reporters.JUnitReportReporter -->
<testsuite name="com.course.cases.GetUserInfoTest" tests="1" time="0.092" ignored="0" failures="0" timestamp="24 Jun 2019 08:53:10 GMT" skipped="0" hostname="wangjianhua" errors="0">
  <testcase name="getUserInfo" time="0.092" classname="com.course.cases.GetUserInfoTest"/>
</testsuite> <!-- com.course.cases.GetUserInfoTest -->
