<?xml version="1.0" encoding="UTF-8"?>
<!-- Generated by org.testng.reporters.JUnitReportReporter -->
<testsuite name="com.course.cases.LoginTest" tests="2" time="0.997" ignored="0" failures="0" timestamp="24 Jun 2019 08:53:10 GMT" skipped="0" hostname="wangjianhua" errors="0">
  <testcase name="loginTestTrue" time="0.949" classname="com.course.cases.LoginTest"/>
  <testcase name="loginTestFail" time="0.048" classname="com.course.cases.LoginTest"/>
</testsuite> <!-- com.course.cases.LoginTest -->
