<?xml version="1.0" encoding="UTF-8"?>
<!-- Generated by org.testng.reporters.JUnitReportReporter -->
<testsuite name="com.course.cases.UpdateUserInfoTest" tests="2" time="3.148" ignored="0" failures="0" timestamp="24 Jun 2019 08:53:10 GMT" skipped="0" hostname="wangjianhua" errors="0">
  <testcase name="updateUserInfo" time="3.124" classname="com.course.cases.UpdateUserInfoTest"/>
  <testcase name="assertUpdateLaterUserInfo" time="0.024" classname="com.course.cases.UpdateUserInfoTest"/>
</testsuite> <!-- com.course.cases.UpdateUserInfoTest -->
